<?xml version="1.0" encoding="utf-8"?><testsuites name="pytest tests"><testsuite name="pytest" errors="0" failures="0" skipped="0" tests="30" time="3.111" timestamp="2026-05-14T21:41:14.620747+00:00" hostname="agent-env-840164b4-ca1c-4cd9-8a22-ba09a77028fb"><testcase classname="backend.tests.test_categories_hierarchy.TestCategoryHierarchy" name="test_total_count_93" time="0.330" /><testcase classname="backend.tests.test_categories_hierarchy.TestCategoryHierarchy" name="test_11_parents_present" time="0.000" /><testcase classname="backend.tests.test_categories_hierarchy.TestCategoryHierarchy" name="test_82_subs_with_valid_parents" time="0.000" /><testcase classname="backend.tests.test_categories_hierarchy.TestCategoryHierarchy" name="test_no_mongo_id_leak" time="0.000" /><testcase classname="backend.tests.test_categories_hierarchy.TestCategoryHierarchy" name="test_filter_type_income" time="0.053" /><testcase classname="backend.tests.test_categories_hierarchy.TestCategoryHierarchy" name="test_filter_type_expense" time="0.055" /><testcase classname="backend.tests.test_categories_hierarchy.TestCategoryHierarchy" name="test_filter_parent_id_null_returns_roots" time="0.058" /><testcase classname="backend.tests.test_categories_hierarchy.TestCategoryHierarchy" name="test_filter_parent_id_returns_subs" time="0.054" /><testcase classname="backend.tests.test_categories_hierarchy.TestRecordsByParent" name="test_records_filter_by_parent_id" time="0.424" /><testcase classname="backend.tests.test_categories_hierarchy.TestRecordsByParent" name="test_records_filter_by_leaf_id" time="0.048" /><testcase classname="backend.tests.test_categories_hierarchy.TestRecordsByParent" name="test_expenses_structure_rolls_up_by_parent" time="0.054" /><testcase classname="backend.tests.test_categories_hierarchy.TestRecordsByParent" name="test_expenses_structure_group_by_leaf" time="0.048" /><testcase classname="backend.tests.test_categories_hierarchy.TestRecordsByParent" name="test_report_has_children_array" time="0.048" /><testcase classname="backend.tests.test_categories_hierarchy.TestRecordsByParent" name="test_account_archive_and_cascade_delete" time="0.432" /><testcase classname="backend.tests.test_wallet_api.TestAccounts" name="test_list_accounts_seeded" time="0.148" /><testcase classname="backend.tests.test_wallet_api.TestAccounts" name="test_create_account_and_persist" time="0.099" /><testcase classname="backend.tests.test_wallet_api.TestAccounts" name="test_patch_account" time="0.057" /><testcase classname="backend.tests.test_wallet_api.TestCategories" name="test_default_categories" time="0.048" /><testcase classname="backend.tests.test_wallet_api.TestCategories" name="test_filter_by_type" time="0.050" /><testcase classname="backend.tests.test_wallet_api.TestRecords" name="test_create_income_expense_transfer" time="0.300" /><testcase classname="backend.tests.test_wallet_api.TestRecords" name="test_list_filters_and_sort" time="0.141" /><testcase classname="backend.tests.test_wallet_api.TestRecords" name="test_patch_record" time="0.060" /><testcase classname="backend.tests.test_wallet_api.TestAnalytics" name="test_summary" time="0.046" /><testcase classname="backend.tests.test_wallet_api.TestAnalytics" name="test_balance_trend" time="0.051" /><testcase classname="backend.tests.test_wallet_api.TestAnalytics" name="test_expenses_structure" time="0.049" /><testcase classname="backend.tests.test_wallet_api.TestAnalytics" name="test_report" time="0.051" /><testcase classname="backend.tests.test_wallet_api.TestAnalytics" name="test_cash_flow" time="0.044" /><testcase classname="backend.tests.test_wallet_api.TestAnalytics" name="test_transfer_balance_effect" time="0.047" /><testcase classname="backend.tests.test_wallet_api.TestZCleanup" name="test_delete_test_records" time="0.138" /><testcase classname="backend.tests.test_wallet_api.TestZCleanup" name="test_delete_test_account" time="0.094" /></testsuite></testsuites>