<?xml version="1.0" encoding="utf-8"?><testsuites name="pytest tests"><testsuite name="pytest" errors="0" failures="0" skipped="0" tests="16" time="1.746" timestamp="2026-05-14T19:30:03.692508+00:00" hostname="agent-env-840164b4-ca1c-4cd9-8a22-ba09a77028fb"><testcase classname="backend.tests.test_wallet_api.TestAccounts" name="test_list_accounts_seeded" time="0.344" /><testcase classname="backend.tests.test_wallet_api.TestAccounts" name="test_create_account_and_persist" time="0.095" /><testcase classname="backend.tests.test_wallet_api.TestAccounts" name="test_patch_account" time="0.055" /><testcase classname="backend.tests.test_wallet_api.TestCategories" name="test_default_categories" time="0.049" /><testcase classname="backend.tests.test_wallet_api.TestCategories" name="test_filter_by_type" time="0.051" /><testcase classname="backend.tests.test_wallet_api.TestRecords" name="test_create_income_expense_transfer" time="0.284" /><testcase classname="backend.tests.test_wallet_api.TestRecords" name="test_list_filters_and_sort" time="0.155" /><testcase classname="backend.tests.test_wallet_api.TestRecords" name="test_patch_record" time="0.052" /><testcase classname="backend.tests.test_wallet_api.TestAnalytics" name="test_summary" time="0.050" /><testcase classname="backend.tests.test_wallet_api.TestAnalytics" name="test_balance_trend" time="0.051" /><testcase classname="backend.tests.test_wallet_api.TestAnalytics" name="test_expenses_structure" time="0.048" /><testcase classname="backend.tests.test_wallet_api.TestAnalytics" name="test_report" time="0.049" /><testcase classname="backend.tests.test_wallet_api.TestAnalytics" name="test_cash_flow" time="0.065" /><testcase classname="backend.tests.test_wallet_api.TestAnalytics" name="test_transfer_balance_effect" time="0.050" /><testcase classname="backend.tests.test_wallet_api.TestZCleanup" name="test_delete_test_records" time="0.153" /><testcase classname="backend.tests.test_wallet_api.TestZCleanup" name="test_delete_test_account" time="0.095" /></testsuite></testsuites>